# JRE version: 7.0_07-b10
# Java VM: Java HotSpot(TM) Client VM (23.3-b01 mixed mode, sharing windows-x86 )
Heap
 def new generation   total 4928K, used 2724K [0x23810000, 0x23d60000, 0x28d60000)
  eden space 4416K,  50% used [0x23810000, 0x23a392e0, 0x23c60000)
  from space 512K, 100% used [0x23c60000, 0x23ce0000, 0x23ce0000)
  to   space 512K,   0% used [0x23ce0000, 0x23ce0000, 0x23d60000)
 tenured generation   total 10944K, used 6374K [0x28d60000, 0x29810000, 0x33810000)
   the space 10944K,  58% used [0x28d60000, 0x293999d8, 0x29399a00, 0x29810000)
 compacting perm gen  total 12288K, used 2080K [0x33810000, 0x34410000, 0x37810000)
   the space 12288K,  16% used [0x33810000, 0x33a18210, 0x33a18400, 0x34410000)
    ro space 10240K,  42% used [0x37810000, 0x37c4f150, 0x37c4f200, 0x38210000)
    rw space 12288K,  54% used [0x38210000, 0x3888fad8, 0x3888fc00, 0x38e10000)
GC Heap History (10 events):
Event: 0.448 GC heap before
{Heap before GC invocations=7 (full 0):
 def new generation   total 4928K, used 4876K [0x23810000, 0x23d60000, 0x28d60000)
  eden space 4416K, 100% used [0x23810000, 0x23c60000, 0x23c60000)
  from space 512K,  89% used [0x23ce0000, 0x23d53070, 0x23d60000)
  to   space 512K,   0% used [0x23c60000, 0x23c60000, 0x23ce0000)
 tenured generation   total 10944K, used 3412K [0x28d60000, 0x29810000, 0x33810000)
   the space 10944K,  31% used [0x28d60000, 0x290b5120, 0x290b5200, 0x29810000)
 compacting perm gen  total 12288K, used 1143K [0x33810000, 0x34410000, 0x37810000)
   the space 12288K,   9% used [0x33810000, 0x3392dd98, 0x3392de00, 0x34410000)
    ro space 10240K,  42% used [0x37810000, 0x37c4f150, 0x37c4f200, 0x38210000)
    rw space 12288K,  54% used [0x38210000, 0x3888fad8, 0x3888fc00, 0x38e10000)
Event: 0.451 GC heap after
Heap after GC invocations=8 (full 0):
 def new generation   total 4928K, used 216K [0x23810000, 0x23d60000, 0x28d60000)
  eden space 4416K,   0% used [0x23810000, 0x23810000, 0x23c60000)
  from space 512K,  42% used [0x23c60000, 0x23c960c0, 0x23ce0000)
  to   space 512K,   0% used [0x23ce0000, 0x23ce0000, 0x23d60000)
 tenured generation   total 10944K, used 3872K [0x28d60000, 0x29810000, 0x33810000)
   the space 10944K,  35% used [0x28d60000, 0x29128130, 0x29128200, 0x29810000)
 compacting perm gen  total 12288K, used 1143K [0x33810000, 0x34410000, 0x37810000)
   the space 12288K,   9% used [0x33810000, 0x3392dd98, 0x3392de00, 0x34410000)
    ro space 10240K,  42% used [0x37810000, 0x37c4f150, 0x37c4f200, 0x38210000)
    rw space 12288K,  54% used [0x38210000, 0x3888fad8, 0x3888fc00, 0x38e10000)
}
Event: 0.457 GC heap before
{Heap before GC invocations=8 (full 0):
 def new generation   total 4928K, used 4632K [0x23810000, 0x23d60000, 0x28d60000)
  eden space 4416K, 100% used [0x23810000, 0x23c60000, 0x23c60000)
  from space 512K,  42% used [0x23c60000, 0x23c960c0, 0x23ce0000)
  to   space 512K,   0% used [0x23ce0000, 0x23ce0000, 0x23d60000)
 tenured generation   total 10944K, used 3872K [0x28d60000, 0x29810000, 0x33810000)
   the space 10944K,  35% used [0x28d60000, 0x29128130, 0x29128200, 0x29810000)
 compacting perm gen  total 12288K, used 1143K [0x33810000, 0x34410000, 0x37810000)
   the space 12288K,   9% used [0x33810000, 0x3392dd98, 0x3392de00, 0x34410000)
    ro space 10240K,  42% used [0x37810000, 0x37c4f150, 0x37c4f200, 0x38210000)
    rw space 12288K,  54% used [0x38210000, 0x3888fad8, 0x3888fc00, 0x38e10000)
Event: 0.460 GC heap after
Heap after GC invocations=9 (full 0):
 def new generation   total 4928K, used 400K [0x23810000, 0x23d60000, 0x28d60000)
  eden space 4416K,   0% used [0x23810000, 0x23810000, 0x23c60000)
  from space 512K,  78% used [0x23ce0000, 0x23d44080, 0x23d60000)
  to   space 512K,   0% used [0x23c60000, 0x23c60000, 0x23ce0000)
 tenured generation   total 10944K, used 3872K [0x28d60000, 0x29810000, 0x33810000)
   the space 10944K,  35% used [0x28d60000, 0x29128130, 0x29128200, 0x29810000)
 compacting perm gen  total 12288K, used 1143K [0x33810000, 0x34410000, 0x37810000)
   the space 12288K,   9% used [0x33810000, 0x3392dd98, 0x3392de00, 0x34410000)
    ro space 10240K,  42% used [0x37810000, 0x37c4f150, 0x37c4f200, 0x38210000)
    rw space 12288K,  54% used [0x38210000, 0x3888fad8, 0x3888fc00, 0x38e10000)
}
Event: 0.465 GC heap before
{Heap before GC invocations=9 (full 0):
 def new generation   total 4928K, used 4816K [0x23810000, 0x23d60000, 0x28d60000)
  eden space 4416K, 100% used [0x23810000, 0x23c60000, 0x23c60000)
  from space 512K,  78% used [0x23ce0000, 0x23d44080, 0x23d60000)
  to   space 512K,   0% used [0x23c60000, 0x23c60000, 0x23ce0000)
 tenured generation   total 10944K, used 3872K [0x28d60000, 0x29810000, 0x33810000)
   the space 10944K,  35% used [0x28d60000, 0x29128130, 0x29128200, 0x29810000)
 compacting perm gen  total 12288K, used 1161K [0x33810000, 0x34410000, 0x37810000)
   the space 12288K,   9% used [0x33810000, 0x33932468, 0x33932600, 0x34410000)
    ro space 10240K,  42% used [0x37810000, 0x37c4f150, 0x37c4f200, 0x38210000)
    rw space 12288K,  54% used [0x38210000, 0x3888fad8, 0x3888fc00, 0x38e10000)
Event: 0.470 GC heap after
Heap after GC invocations=10 (full 0):
 def new generation   total 4928K, used 346K [0x23810000, 0x23d60000, 0x28d60000)
  eden space 4416K,   0% used [0x23810000, 0x23810000, 0x23c60000)
  from space 512K,  67% used [0x23c60000, 0x23cb6b78, 0x23ce0000)
  to   space 512K,   0% used [0x23ce0000, 0x23ce0000, 0x23d60000)
 tenured generation   total 10944K, used 4088K [0x28d60000, 0x29810000, 0x33810000)
   the space 10944K,  37% used [0x28d60000, 0x2915e1a0, 0x2915e200, 0x29810000)
 compacting perm gen  total 12288K, used 1161K [0x33810000, 0x34410000, 0x37810000)
   the space 12288K,   9% used [0x33810000, 0x33932468, 0x33932600, 0x34410000)
    ro space 10240K,  42% used [0x37810000, 0x37c4f150, 0x37c4f200, 0x38210000)
    rw space 12288K,  54% used [0x38210000, 0x3888fad8, 0x3888fc00, 0x38e10000)
}
Event: 0.490 GC heap before
{Heap before GC invocations=10 (full 0):
 def new generation   total 4928K, used 4762K [0x23810000, 0x23d60000, 0x28d60000)
  eden space 4416K, 100% used [0x23810000, 0x23c60000, 0x23c60000)
  from space 512K,  67% used [0x23c60000, 0x23cb6b78, 0x23ce0000)
  to   space 512K,   0% used [0x23ce0000, 0x23ce0000, 0x23d60000)
 tenured generation   total 10944K, used 4088K [0x28d60000, 0x29810000, 0x33810000)
   the space 10944K,  37% used [0x28d60000, 0x2915e1a0, 0x2915e200, 0x29810000)
 compacting perm gen  total 12288K, used 1185K [0x33810000, 0x34410000, 0x37810000)
   the space 12288K,   9% used [0x33810000, 0x33938728, 0x33938800, 0x34410000)
    ro space 10240K,  42% used [0x37810000, 0x37c4f150, 0x37c4f200, 0x38210000)
    rw space 12288K,  54% used [0x38210000, 0x3888fad8, 0x3888fc00, 0x38e10000)
Event: 0.495 GC heap after
Heap after GC invocations=11 (full 0):
 def new generation   total 4928K, used 512K [0x23810000, 0x23d60000, 0x28d60000)
  eden space 4416K,   0% used [0x23810000, 0x23810000, 0x23c60000)
  from space 512K, 100% used [0x23ce0000, 0x23d60000, 0x23d60000)
  to   space 512K,   0% used [0x23c60000, 0x23c60000, 0x23ce0000)
 tenured generation   total 10944K, used 4342K [0x28d60000, 0x29810000, 0x33810000)
   the space 10944K,  39% used [0x28d60000, 0x2919dbd0, 0x2919dc00, 0x29810000)
 compacting perm gen  total 12288K, used 1185K [0x33810000, 0x34410000, 0x37810000)
   the space 12288K,   9% used [0x33810000, 0x33938728, 0x33938800, 0x34410000)
    ro space 10240K,  42% used [0x37810000, 0x37c4f150, 0x37c4f200, 0x38210000)
    rw space 12288K,  54% used [0x38210000, 0x3888fad8, 0x3888fc00, 0x38e10000)
}
Event: 0.630 GC heap before
{Heap before GC invocations=11 (full 0):
 def new generation   total 4928K, used 4928K [0x23810000, 0x23d60000, 0x28d60000)
  eden space 4416K, 100% used [0x23810000, 0x23c60000, 0x23c60000)
  from space 512K, 100% used [0x23ce0000, 0x23d60000, 0x23d60000)
  to   space 512K,   0% used [0x23c60000, 0x23c60000, 0x23ce0000)
 tenured generation   total 10944K, used 4342K [0x28d60000, 0x29810000, 0x33810000)
   the space 10944K,  39% used [0x28d60000, 0x2919dbd0, 0x2919dc00, 0x29810000)
 compacting perm gen  total 12288K, used 1734K [0x33810000, 0x34410000, 0x37810000)
   the space 12288K,  14% used [0x33810000, 0x339c1810, 0x339c1a00, 0x34410000)
    ro space 10240K,  42% used [0x37810000, 0x37c4f150, 0x37c4f200, 0x38210000)
    rw space 12288K,  54% used [0x38210000, 0x3888fad8, 0x3888fc00, 0x38e10000)
Event: 0.639 GC heap after
Heap after GC invocations=12 (full 0):
 def new generation   total 4928K, used 512K [0x23810000, 0x23d60000, 0x28d60000)
  eden space 4416K,   0% used [0x23810000, 0x23810000, 0x23c60000)
  from space 512K, 100% used [0x23c60000, 0x23ce0000, 0x23ce0000)
  to   space 512K,   0% used [0x23ce0000, 0x23ce0000, 0x23d60000)
 tenured generation   total 10944K, used 6374K [0x28d60000, 0x29810000, 0x33810000)
   the space 10944K,  58% used [0x28d60000, 0x293999d8, 0x29399a00, 0x29810000)
 compacting perm gen  total 12288K, used 1734K [0x33810000, 0x34410000, 0x37810000)
   the space 12288K,  14% used [0x33810000, 0x339c1810, 0x339c1a00, 0x34410000)
    ro space 10240K,  42% used [0x37810000, 0x37c4f150, 0x37c4f200, 0x38210000)
    rw space 12288K,  54% used [0x38210000, 0x3888fad8, 0x3888fc00, 0x38e10000)
}

